  [1m[35m (181.8ms)[0m  [1m[35mCREATE DATABASE "reddit_clone_development" ENCODING = 'unicode'[0m
  ↳ bin/rails:9
  [1m[35m (65.4ms)[0m  [1m[35mCREATE DATABASE "reddit_clone_test" ENCODING = 'unicode'[0m
  ↳ bin/rails:9
  [1m[35m (13.2ms)[0m  [1m[35mCREATE TABLE "schema_migrations" ("version" character varying NOT NULL PRIMARY KEY)[0m
  ↳ bin/rails:9
  [1m[35m (3.7ms)[0m  [1m[35mCREATE TABLE "ar_internal_metadata" ("key" character varying NOT NULL PRIMARY KEY, "value" character varying, "created_at" timestamp NOT NULL, "updated_at" timestamp NOT NULL)[0m
  ↳ bin/rails:9
  [1m[35m (0.6ms)[0m  [1m[34mSELECT pg_try_advisory_lock(688274183373989625)[0m
  ↳ bin/rails:9
  [1m[35m (0.7ms)[0m  [1m[34mSELECT "schema_migrations"."version" FROM "schema_migrations" ORDER BY "schema_migrations"."version" ASC[0m
  ↳ bin/rails:9
Migrating to CreateUsers (20210820162729)
  [1m[35m (0.1ms)[0m  [1m[35mBEGIN[0m
  ↳ bin/rails:9
  [1m[35m (8.2ms)[0m  [1m[35mCREATE TABLE "users" ("id" bigserial primary key, "username" character varying NOT NULL, "session_token" character varying NOT NULL, "password_digest" character varying NOT NULL, "created_at" timestamp NOT NULL, "updated_at" timestamp NOT NULL)[0m
  ↳ db/migrate/20210820162729_create_users.rb:3
  [1m[35m (3.5ms)[0m  [1m[35mCREATE UNIQUE INDEX  "index_user_on_username" ON "user"  ("username")[0m
  ↳ db/migrate/20210820162729_create_users.rb:10
  [1m[35m (0.1ms)[0m  [1m[31mROLLBACK[0m
  ↳ bin/rails:9
  [1m[35m (0.2ms)[0m  [1m[34mSELECT pg_advisory_unlock(688274183373989625)[0m
  ↳ bin/rails:9
  [1m[35m (0.2ms)[0m  [1m[34mSELECT pg_try_advisory_lock(688274183373989625)[0m
  ↳ bin/rails:9
  [1m[35m (1.6ms)[0m  [1m[34mSELECT "schema_migrations"."version" FROM "schema_migrations" ORDER BY "schema_migrations"."version" ASC[0m
  ↳ bin/rails:9
Migrating to CreateUsers (20210820162729)
  [1m[35m (0.2ms)[0m  [1m[35mBEGIN[0m
  ↳ bin/rails:9
  [1m[35m (5.0ms)[0m  [1m[35mCREATE TABLE "users" ("id" bigserial primary key, "username" character varying NOT NULL, "session_token" character varying NOT NULL, "password_digest" character varying NOT NULL, "created_at" timestamp NOT NULL, "updated_at" timestamp NOT NULL)[0m
  ↳ db/migrate/20210820162729_create_users.rb:3
  [1m[35m (3.4ms)[0m  [1m[35mCREATE UNIQUE INDEX  "index_user_on_username" ON "user"  ("username")[0m
  ↳ db/migrate/20210820162729_create_users.rb:10
  [1m[35m (0.2ms)[0m  [1m[31mROLLBACK[0m
  ↳ bin/rails:9
  [1m[35m (0.3ms)[0m  [1m[34mSELECT pg_advisory_unlock(688274183373989625)[0m
  ↳ bin/rails:9
  [1m[35m (0.1ms)[0m  [1m[34mSELECT pg_try_advisory_lock(688274183373989625)[0m
  ↳ bin/rails:9
  [1m[35m (0.8ms)[0m  [1m[34mSELECT "schema_migrations"."version" FROM "schema_migrations" ORDER BY "schema_migrations"."version" ASC[0m
  ↳ bin/rails:9
Migrating to CreateUsers (20210820162729)
  [1m[35m (0.1ms)[0m  [1m[35mBEGIN[0m
  ↳ bin/rails:9
  [1m[35m (6.2ms)[0m  [1m[35mCREATE TABLE "users" ("id" bigserial primary key, "username" character varying NOT NULL, "session_token" character varying NOT NULL, "password_digest" character varying NOT NULL, "created_at" timestamp NOT NULL, "updated_at" timestamp NOT NULL)[0m
  ↳ db/migrate/20210820162729_create_users.rb:3
  [1m[35m (1.0ms)[0m  [1m[35mCREATE UNIQUE INDEX  "index_users_on_username" ON "users"  ("username")[0m
  ↳ db/migrate/20210820162729_create_users.rb:10
  [1m[35m (1.2ms)[0m  [1m[35mCREATE UNIQUE INDEX  "index_users_on_session_token" ON "users"  ("session_token")[0m
  ↳ db/migrate/20210820162729_create_users.rb:11
  [1m[36mActiveRecord::SchemaMigration Create (0.8ms)[0m  [1m[32mINSERT INTO "schema_migrations" ("version") VALUES ($1) RETURNING "version"[0m  [["version", "20210820162729"]]
  ↳ bin/rails:9
  [1m[35m (1.1ms)[0m  [1m[35mCOMMIT[0m
  ↳ bin/rails:9
  [1m[36mActiveRecord::InternalMetadata Load (0.5ms)[0m  [1m[34mSELECT  "ar_internal_metadata".* FROM "ar_internal_metadata" WHERE "ar_internal_metadata"."key" = $1 LIMIT $2[0m  [["key", "environment"], ["LIMIT", 1]]
  ↳ bin/rails:9
  [1m[35m (0.1ms)[0m  [1m[35mBEGIN[0m
  ↳ bin/rails:9
  [1m[36mActiveRecord::InternalMetadata Create (0.8ms)[0m  [1m[32mINSERT INTO "ar_internal_metadata" ("key", "value", "created_at", "updated_at") VALUES ($1, $2, $3, $4) RETURNING "key"[0m  [["key", "environment"], ["value", "development"], ["created_at", "2021-08-20 16:32:28.243222"], ["updated_at", "2021-08-20 16:32:28.243222"]]
  ↳ bin/rails:9
  [1m[35m (0.3ms)[0m  [1m[35mCOMMIT[0m
  ↳ bin/rails:9
  [1m[35m (0.2ms)[0m  [1m[34mSELECT pg_advisory_unlock(688274183373989625)[0m
  ↳ bin/rails:9
  [1m[35m (0.5ms)[0m  [1m[34mSELECT "schema_migrations"."version" FROM "schema_migrations" ORDER BY "schema_migrations"."version" ASC[0m
  ↳ bin/rails:9
  [1m[35m (0.2ms)[0m  [1m[34mSELECT "schema_migrations"."version" FROM "schema_migrations" ORDER BY "schema_migrations"."version" ASC[0m
  ↳ bin/rails:9
  [1m[35m (0.3ms)[0m  [1m[35mDROP DATABASE IF EXISTS "reddit_clone_development"[0m
  ↳ bin/rails:9
  [1m[35m (0.1ms)[0m  [1m[35mDROP DATABASE IF EXISTS "reddit_clone_test"[0m
  ↳ bin/rails:9
  [1m[35m (184.4ms)[0m  [1m[35mCREATE DATABASE "reddit_clone_development" ENCODING = 'unicode'[0m
  ↳ bin/rails:9
  [1m[35m (115.8ms)[0m  [1m[35mCREATE DATABASE "reddit_clone_test" ENCODING = 'unicode'[0m
  ↳ bin/rails:9
  [1m[35mSQL (0.7ms)[0m  [1m[35mCREATE EXTENSION IF NOT EXISTS "plpgsql"[0m
  ↳ db/schema.rb:16
  [1m[35m (0.3ms)[0m  [1m[35mDROP TABLE IF EXISTS "users" CASCADE[0m
  ↳ db/schema.rb:18
  [1m[35m (17.8ms)[0m  [1m[35mCREATE TABLE "users" ("id" bigserial primary key, "username" character varying NOT NULL, "session_token" character varying NOT NULL, "password_digest" character varying NOT NULL, "created_at" timestamp NOT NULL, "updated_at" timestamp NOT NULL)[0m
  ↳ db/schema.rb:18
  [1m[35m (2.1ms)[0m  [1m[35mCREATE UNIQUE INDEX  "index_users_on_session_token" ON "users"  ("session_token")[0m
  ↳ db/schema.rb:18
  [1m[35m (2.3ms)[0m  [1m[35mCREATE UNIQUE INDEX  "index_users_on_username" ON "users"  ("username")[0m
  ↳ db/schema.rb:18
  [1m[35m (5.8ms)[0m  [1m[35mCREATE TABLE "schema_migrations" ("version" character varying NOT NULL PRIMARY KEY)[0m
  ↳ db/schema.rb:13
  [1m[35m (0.7ms)[0m  [1m[34mSELECT "schema_migrations"."version" FROM "schema_migrations" ORDER BY "schema_migrations"."version" ASC[0m
  ↳ db/schema.rb:13
  [1m[35m (0.7ms)[0m  [1m[32mINSERT INTO "schema_migrations" (version) VALUES (20210820162729)[0m
  ↳ db/schema.rb:13
  [1m[35m (6.4ms)[0m  [1m[35mCREATE TABLE "ar_internal_metadata" ("key" character varying NOT NULL PRIMARY KEY, "value" character varying, "created_at" timestamp NOT NULL, "updated_at" timestamp NOT NULL)[0m
  ↳ db/schema.rb:13
  [1m[36mActiveRecord::InternalMetadata Load (0.7ms)[0m  [1m[34mSELECT  "ar_internal_metadata".* FROM "ar_internal_metadata" WHERE "ar_internal_metadata"."key" = $1 LIMIT $2[0m  [["key", "environment"], ["LIMIT", 1]]
  ↳ db/schema.rb:13
  [1m[35m (0.2ms)[0m  [1m[35mBEGIN[0m
  ↳ db/schema.rb:13
  [1m[36mActiveRecord::InternalMetadata Create (0.7ms)[0m  [1m[32mINSERT INTO "ar_internal_metadata" ("key", "value", "created_at", "updated_at") VALUES ($1, $2, $3, $4) RETURNING "key"[0m  [["key", "environment"], ["value", "development"], ["created_at", "2021-08-20 16:46:14.428829"], ["updated_at", "2021-08-20 16:46:14.428829"]]
  ↳ db/schema.rb:13
  [1m[35m (0.4ms)[0m  [1m[35mCOMMIT[0m
  ↳ db/schema.rb:13
  [1m[36mActiveRecord::InternalMetadata Load (0.4ms)[0m  [1m[34mSELECT  "ar_internal_metadata".* FROM "ar_internal_metadata" WHERE "ar_internal_metadata"."key" = $1 LIMIT $2[0m  [["key", "environment"], ["LIMIT", 1]]
  ↳ bin/rails:9
  [1m[35m (0.3ms)[0m  [1m[35mBEGIN[0m
  ↳ bin/rails:9
  [1m[35m (0.2ms)[0m  [1m[35mCOMMIT[0m
  ↳ bin/rails:9
  [1m[35mSQL (1.7ms)[0m  [1m[35mCREATE EXTENSION IF NOT EXISTS "plpgsql"[0m
  ↳ db/schema.rb:16
  [1m[35m (0.3ms)[0m  [1m[35mDROP TABLE IF EXISTS "users" CASCADE[0m
  ↳ db/schema.rb:18
  [1m[35m (15.8ms)[0m  [1m[35mCREATE TABLE "users" ("id" bigserial primary key, "username" character varying NOT NULL, "session_token" character varying NOT NULL, "password_digest" character varying NOT NULL, "created_at" timestamp NOT NULL, "updated_at" timestamp NOT NULL)[0m
  ↳ db/schema.rb:18
  [1m[35m (3.9ms)[0m  [1m[35mCREATE UNIQUE INDEX  "index_users_on_session_token" ON "users"  ("session_token")[0m
  ↳ db/schema.rb:18
  [1m[35m (2.2ms)[0m  [1m[35mCREATE UNIQUE INDEX  "index_users_on_username" ON "users"  ("username")[0m
  ↳ db/schema.rb:18
  [1m[35m (5.0ms)[0m  [1m[35mCREATE TABLE "schema_migrations" ("version" character varying NOT NULL PRIMARY KEY)[0m
  ↳ db/schema.rb:13
  [1m[35m (1.3ms)[0m  [1m[34mSELECT "schema_migrations"."version" FROM "schema_migrations" ORDER BY "schema_migrations"."version" ASC[0m
  ↳ db/schema.rb:13
  [1m[35m (1.5ms)[0m  [1m[32mINSERT INTO "schema_migrations" (version) VALUES (20210820162729)[0m
  ↳ db/schema.rb:13
  [1m[35m (5.9ms)[0m  [1m[35mCREATE TABLE "ar_internal_metadata" ("key" character varying NOT NULL PRIMARY KEY, "value" character varying, "created_at" timestamp NOT NULL, "updated_at" timestamp NOT NULL)[0m
  ↳ db/schema.rb:13
  [1m[36mActiveRecord::InternalMetadata Load (1.1ms)[0m  [1m[34mSELECT  "ar_internal_metadata".* FROM "ar_internal_metadata" WHERE "ar_internal_metadata"."key" = $1 LIMIT $2[0m  [["key", "environment"], ["LIMIT", 1]]
  ↳ db/schema.rb:13
  [1m[35m (0.2ms)[0m  [1m[35mBEGIN[0m
  ↳ db/schema.rb:13
  [1m[36mActiveRecord::InternalMetadata Create (0.7ms)[0m  [1m[32mINSERT INTO "ar_internal_metadata" ("key", "value", "created_at", "updated_at") VALUES ($1, $2, $3, $4) RETURNING "key"[0m  [["key", "environment"], ["value", "development"], ["created_at", "2021-08-20 16:46:14.552151"], ["updated_at", "2021-08-20 16:46:14.552151"]]
  ↳ db/schema.rb:13
  [1m[35m (0.6ms)[0m  [1m[35mCOMMIT[0m
  ↳ db/schema.rb:13
  [1m[36mActiveRecord::InternalMetadata Load (0.4ms)[0m  [1m[34mSELECT  "ar_internal_metadata".* FROM "ar_internal_metadata" WHERE "ar_internal_metadata"."key" = $1 LIMIT $2[0m  [["key", "environment"], ["LIMIT", 1]]
  ↳ bin/rails:9
  [1m[35m (0.2ms)[0m  [1m[35mBEGIN[0m
  ↳ bin/rails:9
  [1m[36mActiveRecord::InternalMetadata Update (1.0ms)[0m  [1m[33mUPDATE "ar_internal_metadata" SET "value" = $1, "updated_at" = $2 WHERE "ar_internal_metadata"."key" = $3[0m  [["value", "test"], ["updated_at", "2021-08-20 16:46:14.558592"], ["key", "environment"]]
  ↳ bin/rails:9
  [1m[35m (0.4ms)[0m  [1m[35mCOMMIT[0m
  ↳ bin/rails:9
  [1m[35m (1.5ms)[0m  [1m[34mSELECT "schema_migrations"."version" FROM "schema_migrations" ORDER BY "schema_migrations"."version" ASC[0m
  ↳ bin/rails:9
Started GET "/" for ::1 at 2021-08-20 10:13:49 -0700
  [1m[35m (1.1ms)[0m  [1m[34mSELECT "schema_migrations"."version" FROM "schema_migrations" ORDER BY "schema_migrations"."version" ASC[0m
  ↳ /Users/mike/.rbenv/versions/2.5.1/lib/ruby/gems/2.5.0/gems/activerecord-5.2.6/lib/active_record/log_subscriber.rb:98
Processing by Rails::WelcomeController#index as HTML
  Rendering /Users/mike/.rbenv/versions/2.5.1/lib/ruby/gems/2.5.0/gems/railties-5.2.6/lib/rails/templates/rails/welcome/index.html.erb
  Rendered /Users/mike/.rbenv/versions/2.5.1/lib/ruby/gems/2.5.0/gems/railties-5.2.6/lib/rails/templates/rails/welcome/index.html.erb (4.2ms)
Completed 200 OK in 22ms (Views: 14.4ms | ActiveRecord: 0.0ms)


Started GET "/sessions/new" for ::1 at 2021-08-20 10:23:20 -0700
  
ActionController::RoutingError (No route matches [GET] "/sessions/new"):
  
actionpack (5.2.6) lib/action_dispatch/middleware/debug_exceptions.rb:65:in `call'
web-console (3.7.0) lib/web_console/middleware.rb:135:in `call_app'
web-console (3.7.0) lib/web_console/middleware.rb:30:in `block in call'
web-console (3.7.0) lib/web_console/middleware.rb:20:in `catch'
web-console (3.7.0) lib/web_console/middleware.rb:20:in `call'
actionpack (5.2.6) lib/action_dispatch/middleware/show_exceptions.rb:33:in `call'
railties (5.2.6) lib/rails/rack/logger.rb:38:in `call_app'
railties (5.2.6) lib/rails/rack/logger.rb:26:in `block in call'
activesupport (5.2.6) lib/active_support/tagged_logging.rb:71:in `block in tagged'
activesupport (5.2.6) lib/active_support/tagged_logging.rb:28:in `tagged'
activesupport (5.2.6) lib/active_support/tagged_logging.rb:71:in `tagged'
railties (5.2.6) lib/rails/rack/logger.rb:26:in `call'
sprockets-rails (3.2.2) lib/sprockets/rails/quiet_assets.rb:13:in `call'
actionpack (5.2.6) lib/action_dispatch/middleware/remote_ip.rb:81:in `call'
actionpack (5.2.6) lib/action_dispatch/middleware/request_id.rb:27:in `call'
rack (2.2.3) lib/rack/method_override.rb:24:in `call'
rack (2.2.3) lib/rack/runtime.rb:22:in `call'
activesupport (5.2.6) lib/active_support/cache/strategy/local_cache_middleware.rb:29:in `call'
actionpack (5.2.6) lib/action_dispatch/middleware/executor.rb:14:in `call'
actionpack (5.2.6) lib/action_dispatch/middleware/static.rb:127:in `call'
rack (2.2.3) lib/rack/sendfile.rb:110:in `call'
railties (5.2.6) lib/rails/engine.rb:524:in `call'
puma (3.12.6) lib/puma/configuration.rb:227:in `call'
puma (3.12.6) lib/puma/server.rb:706:in `handle_request'
puma (3.12.6) lib/puma/server.rb:476:in `process_client'
puma (3.12.6) lib/puma/server.rb:334:in `block in run'
puma (3.12.6) lib/puma/thread_pool.rb:135:in `block in spawn_thread'
Started GET "/session/new" for ::1 at 2021-08-20 10:23:27 -0700
Processing by SessionsController#new as HTML
  Rendering sessions/new.html.erb within layouts/application
  Rendered sessions/new.html.erb within layouts/application (1.3ms)
Completed 200 OK in 869ms (Views: 838.5ms | ActiveRecord: 16.3ms)


Started GET "/session/new" for ::1 at 2021-08-20 10:24:06 -0700
Processing by SessionsController#new as HTML
  Rendering sessions/new.html.erb within layouts/application
  Rendered sessions/new.html.erb within layouts/application (1.1ms)
Completed 200 OK in 54ms (Views: 52.7ms | ActiveRecord: 0.0ms)


Started GET "/session/new" for ::1 at 2021-08-20 10:24:23 -0700
Processing by SessionsController#new as HTML
  Rendering sessions/new.html.erb within layouts/application
  Rendered sessions/new.html.erb within layouts/application (0.6ms)
Completed 200 OK in 46ms (Views: 45.3ms | ActiveRecord: 0.0ms)


Started GET "/" for ::1 at 2021-08-20 10:27:33 -0700
Processing by Rails::WelcomeController#index as HTML
  Rendering /Users/mike/.rbenv/versions/2.5.1/lib/ruby/gems/2.5.0/gems/railties-5.2.6/lib/rails/templates/rails/welcome/index.html.erb
  Rendered /Users/mike/.rbenv/versions/2.5.1/lib/ruby/gems/2.5.0/gems/railties-5.2.6/lib/rails/templates/rails/welcome/index.html.erb (3.3ms)
Completed 200 OK in 15ms (Views: 9.3ms | ActiveRecord: 0.0ms)


Started GET "/" for ::1 at 2021-08-20 10:28:03 -0700
Processing by Rails::WelcomeController#index as HTML
  Rendering /Users/mike/.rbenv/versions/2.5.1/lib/ruby/gems/2.5.0/gems/railties-5.2.6/lib/rails/templates/rails/welcome/index.html.erb
  Rendered /Users/mike/.rbenv/versions/2.5.1/lib/ruby/gems/2.5.0/gems/railties-5.2.6/lib/rails/templates/rails/welcome/index.html.erb (2.4ms)
Completed 200 OK in 12ms (Views: 6.8ms | ActiveRecord: 0.0ms)


Started GET "/" for ::1 at 2021-08-20 10:28:06 -0700
Processing by Rails::WelcomeController#index as HTML
  Rendering /Users/mike/.rbenv/versions/2.5.1/lib/ruby/gems/2.5.0/gems/railties-5.2.6/lib/rails/templates/rails/welcome/index.html.erb
  Rendered /Users/mike/.rbenv/versions/2.5.1/lib/ruby/gems/2.5.0/gems/railties-5.2.6/lib/rails/templates/rails/welcome/index.html.erb (3.0ms)
Completed 200 OK in 12ms (Views: 8.0ms | ActiveRecord: 0.0ms)


Started GET "/users/new" for ::1 at 2021-08-20 10:28:24 -0700
  
ActionController::RoutingError (No route matches [GET] "/users/new"):
  
actionpack (5.2.6) lib/action_dispatch/middleware/debug_exceptions.rb:65:in `call'
web-console (3.7.0) lib/web_console/middleware.rb:135:in `call_app'
web-console (3.7.0) lib/web_console/middleware.rb:30:in `block in call'
web-console (3.7.0) lib/web_console/middleware.rb:20:in `catch'
web-console (3.7.0) lib/web_console/middleware.rb:20:in `call'
actionpack (5.2.6) lib/action_dispatch/middleware/show_exceptions.rb:33:in `call'
railties (5.2.6) lib/rails/rack/logger.rb:38:in `call_app'
railties (5.2.6) lib/rails/rack/logger.rb:26:in `block in call'
activesupport (5.2.6) lib/active_support/tagged_logging.rb:71:in `block in tagged'
activesupport (5.2.6) lib/active_support/tagged_logging.rb:28:in `tagged'
activesupport (5.2.6) lib/active_support/tagged_logging.rb:71:in `tagged'
railties (5.2.6) lib/rails/rack/logger.rb:26:in `call'
sprockets-rails (3.2.2) lib/sprockets/rails/quiet_assets.rb:13:in `call'
actionpack (5.2.6) lib/action_dispatch/middleware/remote_ip.rb:81:in `call'
actionpack (5.2.6) lib/action_dispatch/middleware/request_id.rb:27:in `call'
rack (2.2.3) lib/rack/method_override.rb:24:in `call'
rack (2.2.3) lib/rack/runtime.rb:22:in `call'
activesupport (5.2.6) lib/active_support/cache/strategy/local_cache_middleware.rb:29:in `call'
actionpack (5.2.6) lib/action_dispatch/middleware/executor.rb:14:in `call'
actionpack (5.2.6) lib/action_dispatch/middleware/static.rb:127:in `call'
rack (2.2.3) lib/rack/sendfile.rb:110:in `call'
railties (5.2.6) lib/rails/engine.rb:524:in `call'
puma (3.12.6) lib/puma/configuration.rb:227:in `call'
puma (3.12.6) lib/puma/server.rb:706:in `handle_request'
puma (3.12.6) lib/puma/server.rb:476:in `process_client'
puma (3.12.6) lib/puma/server.rb:334:in `block in run'
puma (3.12.6) lib/puma/thread_pool.rb:135:in `block in spawn_thread'
Started GET "/user/new" for ::1 at 2021-08-20 10:28:31 -0700

ActionController::RoutingError - uninitialized constant UserController:

Started POST "/__better_errors/a332b91b28a4573a/variables" for ::1 at 2021-08-20 10:28:31 -0700
Started GET "/user/new" for ::1 at 2021-08-20 10:29:43 -0700
  
ActionController::RoutingError (No route matches [GET] "/user/new"):
  
actionpack (5.2.6) lib/action_dispatch/middleware/debug_exceptions.rb:65:in `call'
web-console (3.7.0) lib/web_console/middleware.rb:135:in `call_app'
web-console (3.7.0) lib/web_console/middleware.rb:30:in `block in call'
web-console (3.7.0) lib/web_console/middleware.rb:20:in `catch'
web-console (3.7.0) lib/web_console/middleware.rb:20:in `call'
actionpack (5.2.6) lib/action_dispatch/middleware/show_exceptions.rb:33:in `call'
railties (5.2.6) lib/rails/rack/logger.rb:38:in `call_app'
railties (5.2.6) lib/rails/rack/logger.rb:26:in `block in call'
activesupport (5.2.6) lib/active_support/tagged_logging.rb:71:in `block in tagged'
activesupport (5.2.6) lib/active_support/tagged_logging.rb:28:in `tagged'
activesupport (5.2.6) lib/active_support/tagged_logging.rb:71:in `tagged'
railties (5.2.6) lib/rails/rack/logger.rb:26:in `call'
sprockets-rails (3.2.2) lib/sprockets/rails/quiet_assets.rb:13:in `call'
actionpack (5.2.6) lib/action_dispatch/middleware/remote_ip.rb:81:in `call'
actionpack (5.2.6) lib/action_dispatch/middleware/request_id.rb:27:in `call'
rack (2.2.3) lib/rack/method_override.rb:24:in `call'
rack (2.2.3) lib/rack/runtime.rb:22:in `call'
activesupport (5.2.6) lib/active_support/cache/strategy/local_cache_middleware.rb:29:in `call'
actionpack (5.2.6) lib/action_dispatch/middleware/executor.rb:14:in `call'
actionpack (5.2.6) lib/action_dispatch/middleware/static.rb:127:in `call'
rack (2.2.3) lib/rack/sendfile.rb:110:in `call'
railties (5.2.6) lib/rails/engine.rb:524:in `call'
puma (3.12.6) lib/puma/configuration.rb:227:in `call'
puma (3.12.6) lib/puma/server.rb:706:in `handle_request'
puma (3.12.6) lib/puma/server.rb:476:in `process_client'
puma (3.12.6) lib/puma/server.rb:334:in `block in run'
puma (3.12.6) lib/puma/thread_pool.rb:135:in `block in spawn_thread'
Started GET "/user/new" for ::1 at 2021-08-20 10:30:46 -0700

SyntaxError - syntax error, unexpected tIDENTIFIER, expecting keyword_do or '{' or '('
...to: redirect_to new_session_url
...                ^~~~~~~~~~~~~~~:
  config/routes.rb:8:in `'

Started POST "/__better_errors/dc604ce61612f9c7/variables" for ::1 at 2021-08-20 10:30:46 -0700
Started GET "/" for ::1 at 2021-08-20 10:30:48 -0700
  
ActionController::RoutingError (No route matches [GET] "/"):
  
actionpack (5.2.6) lib/action_dispatch/middleware/debug_exceptions.rb:65:in `call'
web-console (3.7.0) lib/web_console/middleware.rb:135:in `call_app'
web-console (3.7.0) lib/web_console/middleware.rb:30:in `block in call'
web-console (3.7.0) lib/web_console/middleware.rb:20:in `catch'
web-console (3.7.0) lib/web_console/middleware.rb:20:in `call'
actionpack (5.2.6) lib/action_dispatch/middleware/show_exceptions.rb:33:in `call'
railties (5.2.6) lib/rails/rack/logger.rb:38:in `call_app'
railties (5.2.6) lib/rails/rack/logger.rb:26:in `block in call'
activesupport (5.2.6) lib/active_support/tagged_logging.rb:71:in `block in tagged'
activesupport (5.2.6) lib/active_support/tagged_logging.rb:28:in `tagged'
activesupport (5.2.6) lib/active_support/tagged_logging.rb:71:in `tagged'
railties (5.2.6) lib/rails/rack/logger.rb:26:in `call'
sprockets-rails (3.2.2) lib/sprockets/rails/quiet_assets.rb:13:in `call'
actionpack (5.2.6) lib/action_dispatch/middleware/remote_ip.rb:81:in `call'
actionpack (5.2.6) lib/action_dispatch/middleware/request_id.rb:27:in `call'
rack (2.2.3) lib/rack/method_override.rb:24:in `call'
rack (2.2.3) lib/rack/runtime.rb:22:in `call'
activesupport (5.2.6) lib/active_support/cache/strategy/local_cache_middleware.rb:29:in `call'
actionpack (5.2.6) lib/action_dispatch/middleware/executor.rb:14:in `call'
actionpack (5.2.6) lib/action_dispatch/middleware/static.rb:127:in `call'
rack (2.2.3) lib/rack/sendfile.rb:110:in `call'
railties (5.2.6) lib/rails/engine.rb:524:in `call'
puma (3.12.6) lib/puma/configuration.rb:227:in `call'
puma (3.12.6) lib/puma/server.rb:706:in `handle_request'
puma (3.12.6) lib/puma/server.rb:476:in `process_client'
puma (3.12.6) lib/puma/server.rb:334:in `block in run'
puma (3.12.6) lib/puma/thread_pool.rb:135:in `block in spawn_thread'
Started GET "/" for ::1 at 2021-08-20 10:31:44 -0700
Processing by Rails::WelcomeController#index as HTML
  Rendering /Users/mike/.rbenv/versions/2.5.1/lib/ruby/gems/2.5.0/gems/railties-5.2.6/lib/rails/templates/rails/welcome/index.html.erb
  Rendered /Users/mike/.rbenv/versions/2.5.1/lib/ruby/gems/2.5.0/gems/railties-5.2.6/lib/rails/templates/rails/welcome/index.html.erb (3.3ms)
Completed 200 OK in 18ms (Views: 10.0ms | ActiveRecord: 0.0ms)


Started GET "/users/new" for ::1 at 2021-08-20 10:31:52 -0700
Processing by UsersController#new as HTML
  Rendering users/new.html.erb within layouts/application
  Rendered users/new.html.erb within layouts/application (1.5ms)
Completed 500 Internal Server Error in 281ms (ActiveRecord: 17.6ms)



NoMethodError - undefined method `logged_in?' for #<#<Class:0x00007fae9a6f3e70>:0x00007fae9a6f0130>
Did you mean?  logger?:
  app/views/layouts/application.html.erb:17:in `_app_views_layouts_application_html_erb__2274596762292658123_70193949370480'
  app/controllers/users_controller.rb:19:in `new'

Started POST "/__better_errors/c941b1dbb23be68b/variables" for ::1 at 2021-08-20 10:31:53 -0700
Started GET "/users/new" for ::1 at 2021-08-20 10:32:19 -0700
Processing by UsersController#new as HTML
Completed 500 Internal Server Error in 190ms (ActiveRecord: 0.0ms)



NoMethodError - undefined method `require_signed_out' for #<UsersController:0x00007fae9991f970>
Did you mean?  require_logged_out:

Started POST "/__better_errors/b0e23c9d0bf1162e/variables" for ::1 at 2021-08-20 10:32:20 -0700
Started GET "/users/new" for ::1 at 2021-08-20 10:32:33 -0700
Processing by UsersController#new as HTML
  [1m[36mUser Load (3.5ms)[0m  [1m[34mSELECT  "users".* FROM "users" WHERE "users"."session_token" IS NULL LIMIT $1[0m  [["LIMIT", 1]]
  ↳ app/controllers/application_controller.rb:11
  Rendering users/new.html.erb within layouts/application
  Rendered users/new.html.erb within layouts/application (1.1ms)
Completed 500 Internal Server Error in 312ms (ActiveRecord: 17.3ms)



NoMethodError - undefined method `logged_in?' for #<#<Class:0x00007fae9ae9f7a0>:0x00007fae9ae9ddd8>
Did you mean?  logger?:
  app/views/layouts/application.html.erb:17:in `_app_views_layouts_application_html_erb__2274596762292658123_70194010051220'
  app/controllers/users_controller.rb:19:in `new'

Started POST "/__better_errors/820a1fd006d4b5ae/variables" for ::1 at 2021-08-20 10:32:35 -0700
Started GET "/users/new" for ::1 at 2021-08-20 10:33:48 -0700
Processing by UsersController#new as HTML
  Rendering users/new.html.erb within layouts/application
  Rendered users/new.html.erb within layouts/application (1.4ms)
  [1m[36mUser Load (0.5ms)[0m  [1m[34mSELECT  "users".* FROM "users" WHERE "users"."session_token" IS NULL LIMIT $1[0m  [["LIMIT", 1]]
  ↳ app/controllers/application_controller.rb:7
Completed 200 OK in 101ms (Views: 74.9ms | ActiveRecord: 7.2ms)


Started GET "/users/new" for ::1 at 2021-08-20 10:33:58 -0700
Processing by UsersController#new as HTML
  Rendering users/new.html.erb within layouts/application
  Rendered users/new.html.erb within layouts/application (1.7ms)
  [1m[36mUser Load (0.6ms)[0m  [1m[34mSELECT  "users".* FROM "users" WHERE "users"."session_token" IS NULL LIMIT $1[0m  [["LIMIT", 1]]
  ↳ app/controllers/application_controller.rb:7
Completed 200 OK in 52ms (Views: 50.1ms | ActiveRecord: 0.6ms)


Started POST "/users" for ::1 at 2021-08-20 10:34:10 -0700
Processing by UsersController#create as HTML
  Parameters: {"user"=>{"username"=>"bob", "password"=>"[FILTERED]"}}
Can't verify CSRF token authenticity.
Completed 422 Unprocessable Entity in 1ms (ActiveRecord: 0.0ms)



ActionController::InvalidAuthenticityToken - ActionController::InvalidAuthenticityToken:

Started POST "/__better_errors/f190ad599741d9b8/variables" for ::1 at 2021-08-20 10:34:10 -0700
Started GET "/" for ::1 at 2021-08-20 10:35:34 -0700
Processing by Rails::WelcomeController#index as HTML
  Rendering /Users/mike/.rbenv/versions/2.5.1/lib/ruby/gems/2.5.0/gems/railties-5.2.6/lib/rails/templates/rails/welcome/index.html.erb
  Rendered /Users/mike/.rbenv/versions/2.5.1/lib/ruby/gems/2.5.0/gems/railties-5.2.6/lib/rails/templates/rails/welcome/index.html.erb (3.4ms)
Completed 200 OK in 24ms (Views: 12.7ms | ActiveRecord: 0.0ms)


Started GET "/users/new" for ::1 at 2021-08-20 10:35:38 -0700
Processing by UsersController#new as HTML
  Rendering users/new.html.erb within layouts/application
  Rendered users/new.html.erb within layouts/application (0.8ms)
  [1m[36mUser Load (0.3ms)[0m  [1m[34mSELECT  "users".* FROM "users" WHERE "users"."session_token" IS NULL LIMIT $1[0m  [["LIMIT", 1]]
  ↳ app/controllers/application_controller.rb:7
Completed 200 OK in 55ms (Views: 53.7ms | ActiveRecord: 0.3ms)


Started POST "/users" for ::1 at 2021-08-20 10:35:44 -0700
Processing by UsersController#create as HTML
  Parameters: {"authenticity_token"=>"vG1J69rvOSO35RAiIZrhVbYBwTxESh+ItoszzfXULFl7sajwxXM0Btq+ELy0EqH8J8yFGgpt0UE5M/EKLqSevg==", "user"=>{"username"=>"bob", "password"=>"[FILTERED]"}}
  [1m[35m (0.3ms)[0m  [1m[35mBEGIN[0m
  ↳ app/controllers/users_controller.rb:25
  [1m[36mUser Exists (0.8ms)[0m  [1m[34mSELECT  1 AS one FROM "users" WHERE "users"."username" = $1 LIMIT $2[0m  [["username", "bob"], ["LIMIT", 1]]
  ↳ app/controllers/users_controller.rb:25
  [1m[36mUser Exists (0.7ms)[0m  [1m[34mSELECT  1 AS one FROM "users" WHERE "users"."session_token" = $1 LIMIT $2[0m  [["session_token", "ghkwsl4YzQ+O9OY8bUK5TA=="], ["LIMIT", 1]]
  ↳ app/controllers/users_controller.rb:25
  [1m[36mUser Create (3.0ms)[0m  [1m[32mINSERT INTO "users" ("username", "session_token", "password_digest", "created_at", "updated_at") VALUES ($1, $2, $3, $4, $5) RETURNING "id"[0m  [["username", "bob"], ["session_token", "ghkwsl4YzQ+O9OY8bUK5TA=="], ["password_digest", "$2a$12$NPiOkWTz35OTsFqcIVClzOQHprpxQS4Xu8kW3DNH2b/w.0UdGww8K"], ["created_at", "2021-08-20 17:35:44.738182"], ["updated_at", "2021-08-20 17:35:44.738182"]]
  ↳ app/controllers/users_controller.rb:25
  [1m[35m (1.3ms)[0m  [1m[35mCOMMIT[0m
  ↳ app/controllers/users_controller.rb:25
  [1m[35m (0.1ms)[0m  [1m[35mBEGIN[0m
  ↳ app/models/user.rb:48
  [1m[36mUser Exists (0.8ms)[0m  [1m[34mSELECT  1 AS one FROM "users" WHERE "users"."username" = $1 AND "users"."id" != $2 LIMIT $3[0m  [["username", "bob"], ["id", 1], ["LIMIT", 1]]
  ↳ app/models/user.rb:48
  [1m[36mUser Exists (0.7ms)[0m  [1m[34mSELECT  1 AS one FROM "users" WHERE "users"."session_token" = $1 AND "users"."id" != $2 LIMIT $3[0m  [["session_token", "xdnB415DGwUP1uAWXhd45A=="], ["id", 1], ["LIMIT", 1]]
  ↳ app/models/user.rb:48
  [1m[36mUser Update (0.7ms)[0m  [1m[33mUPDATE "users" SET "session_token" = $1, "updated_at" = $2 WHERE "users"."id" = $3[0m  [["session_token", "xdnB415DGwUP1uAWXhd45A=="], ["updated_at", "2021-08-20 17:35:44.749920"], ["id", 1]]
  ↳ app/models/user.rb:48
  [1m[35m (0.8ms)[0m  [1m[35mCOMMIT[0m
  ↳ app/models/user.rb:48
Redirected to http://localhost:3000/users/1
Completed 302 Found in 298ms (ActiveRecord: 9.2ms)


Started GET "/users/1" for ::1 at 2021-08-20 10:35:44 -0700
Processing by UsersController#show as HTML
  Parameters: {"id"=>"1"}
  [1m[36mUser Load (0.7ms)[0m  [1m[34mSELECT  "users".* FROM "users" WHERE "users"."id" = $1 LIMIT $2[0m  [["id", 1], ["LIMIT", 1]]
  ↳ app/controllers/users_controller.rb:8
Completed 500 Internal Server Error in 31ms (ActiveRecord: 0.7ms)



ActionView::MissingTemplate - Missing template users/show, application/show with {:locale=>[:en], :formats=>[:html], :variants=>[], :handlers=>[:raw, :erb, :html, :builder, :ruby, :coffee, :jbuilder]}. Searched in:
  * "/Users/mike/Desktop/Other Repos/W7D5 - Joseph Lam/aa_classwork/week_7/w7d5/reddit_clone/app/views":
  app/controllers/users_controller.rb:11:in `show'

Started POST "/__better_errors/750cb298f74f103d/variables" for ::1 at 2021-08-20 10:35:45 -0700
Started GET "/users/1" for ::1 at 2021-08-20 10:36:06 -0700
Processing by UsersController#show as HTML
  Parameters: {"id"=>"1"}
  [1m[36mUser Load (1.4ms)[0m  [1m[34mSELECT  "users".* FROM "users" WHERE "users"."id" = $1 LIMIT $2[0m  [["id", 1], ["LIMIT", 1]]
  ↳ app/controllers/users_controller.rb:8
  Rendering users/show.html.erb within layouts/application
  Rendered users/show.html.erb within layouts/application (0.4ms)
  [1m[36mUser Load (0.6ms)[0m  [1m[34mSELECT  "users".* FROM "users" WHERE "users"."session_token" = $1 LIMIT $2[0m  [["session_token", "xdnB415DGwUP1uAWXhd45A=="], ["LIMIT", 1]]
  ↳ app/controllers/application_controller.rb:7
  [1m[36mCACHE User Load (0.0ms)[0m  [1m[34mSELECT  "users".* FROM "users" WHERE "users"."session_token" = $1 LIMIT $2[0m  [["session_token", "xdnB415DGwUP1uAWXhd45A=="], ["LIMIT", 1]]
  ↳ app/controllers/application_controller.rb:7
Completed 200 OK in 61ms (Views: 57.5ms | ActiveRecord: 2.0ms)


Started DELETE "/session" for ::1 at 2021-08-20 10:36:21 -0700
Processing by SessionsController#destroy as HTML
Can't verify CSRF token authenticity.
Completed 422 Unprocessable Entity in 1ms (ActiveRecord: 0.0ms)



ActionController::InvalidAuthenticityToken - ActionController::InvalidAuthenticityToken:

Started POST "/__better_errors/b42112654c498c8a/variables" for ::1 at 2021-08-20 10:36:21 -0700
Started DELETE "/session" for ::1 at 2021-08-20 10:37:05 -0700
Processing by SessionsController#destroy as HTML
Completed 500 Internal Server Error in 248ms (ActiveRecord: 0.0ms)



NameError - undefined local variable or method `user' for #<SessionsController:0x00007fae9987cfb8>:
  app/controllers/application_controller.rb:30:in `logout!'
  app/controllers/sessions_controller.rb:21:in `destroy'

Started POST "/__better_errors/d119718f534a04dc/variables" for ::1 at 2021-08-20 10:37:06 -0700
Started DELETE "/session" for ::1 at 2021-08-20 10:37:35 -0700
Processing by SessionsController#destroy as HTML
Completed 500 Internal Server Error in 12ms (ActiveRecord: 0.0ms)



NoMethodError - undefined method `reset_session_token!' for nil:NilClass:
  app/controllers/application_controller.rb:30:in `logout!'
  app/controllers/sessions_controller.rb:21:in `destroy'

Started POST "/__better_errors/944fedef497587f6/variables" for ::1 at 2021-08-20 10:37:36 -0700
Started DELETE "/session" for ::1 at 2021-08-20 10:38:01 -0700
Processing by SessionsController#destroy as HTML
  [1m[36mUser Load (1.2ms)[0m  [1m[34mSELECT  "users".* FROM "users" WHERE "users"."session_token" = $1 LIMIT $2[0m  [["session_token", "xdnB415DGwUP1uAWXhd45A=="], ["LIMIT", 1]]
  ↳ app/controllers/application_controller.rb:9
  [1m[35m (0.2ms)[0m  [1m[35mBEGIN[0m
  ↳ app/models/user.rb:48
  [1m[36mUser Exists (0.6ms)[0m  [1m[34mSELECT  1 AS one FROM "users" WHERE "users"."username" = $1 AND "users"."id" != $2 LIMIT $3[0m  [["username", "bob"], ["id", 1], ["LIMIT", 1]]
  ↳ app/models/user.rb:48
  [1m[36mUser Exists (0.9ms)[0m  [1m[34mSELECT  1 AS one FROM "users" WHERE "users"."session_token" = $1 AND "users"."id" != $2 LIMIT $3[0m  [["session_token", "wHIZGd67Qng/eHYp6k3nTg=="], ["id", 1], ["LIMIT", 1]]
  ↳ app/models/user.rb:48
  [1m[36mUser Update (0.9ms)[0m  [1m[33mUPDATE "users" SET "session_token" = $1, "updated_at" = $2 WHERE "users"."id" = $3[0m  [["session_token", "wHIZGd67Qng/eHYp6k3nTg=="], ["updated_at", "2021-08-20 17:38:01.674465"], ["id", 1]]
  ↳ app/models/user.rb:48
  [1m[35m (0.8ms)[0m  [1m[35mCOMMIT[0m
  ↳ app/models/user.rb:48
Redirected to http://localhost:3000/session/new
Completed 302 Found in 35ms (ActiveRecord: 13.4ms)


Started GET "/session/new" for ::1 at 2021-08-20 10:38:01 -0700
Processing by SessionsController#new as HTML
  Rendering sessions/new.html.erb within layouts/application
  Rendered sessions/new.html.erb within layouts/application (1.0ms)
  [1m[36mUser Load (0.7ms)[0m  [1m[34mSELECT  "users".* FROM "users" WHERE "users"."session_token" IS NULL LIMIT $1[0m  [["LIMIT", 1]]
  ↳ app/controllers/application_controller.rb:9
Completed 200 OK in 67ms (Views: 64.7ms | ActiveRecord: 0.7ms)


Started GET "/users/new" for ::1 at 2021-08-20 10:38:08 -0700
Processing by UsersController#new as HTML
  Rendering users/new.html.erb within layouts/application
  Rendered users/new.html.erb within layouts/application (0.8ms)
  [1m[36mUser Load (0.8ms)[0m  [1m[34mSELECT  "users".* FROM "users" WHERE "users"."session_token" IS NULL LIMIT $1[0m  [["LIMIT", 1]]
  ↳ app/controllers/application_controller.rb:9
Completed 200 OK in 60ms (Views: 58.2ms | ActiveRecord: 0.8ms)


Started POST "/users" for ::1 at 2021-08-20 10:38:16 -0700
Processing by UsersController#create as HTML
  Parameters: {"authenticity_token"=>"8ZPSuSkhi5rbvSP2/MJsqMDUoKgqpxdDRe/UozJYwK42TzOiNr2Gv7bmI2hpSiwBURnkjmSA2YrKVxZk6ShySQ==", "user"=>{"username"=>"bob1", "password"=>"[FILTERED]"}}
  [1m[35m (0.2ms)[0m  [1m[35mBEGIN[0m
  ↳ app/controllers/users_controller.rb:25
  [1m[36mUser Exists (0.6ms)[0m  [1m[34mSELECT  1 AS one FROM "users" WHERE "users"."username" = $1 LIMIT $2[0m  [["username", "bob1"], ["LIMIT", 1]]
  ↳ app/controllers/users_controller.rb:25
  [1m[36mUser Exists (0.6ms)[0m  [1m[34mSELECT  1 AS one FROM "users" WHERE "users"."session_token" = $1 LIMIT $2[0m  [["session_token", "XNwJyiGIMor75c+l9/xzgg=="], ["LIMIT", 1]]
  ↳ app/controllers/users_controller.rb:25
  [1m[36mUser Create (0.8ms)[0m  [1m[32mINSERT INTO "users" ("username", "session_token", "password_digest", "created_at", "updated_at") VALUES ($1, $2, $3, $4, $5) RETURNING "id"[0m  [["username", "bob1"], ["session_token", "XNwJyiGIMor75c+l9/xzgg=="], ["password_digest", "$2a$12$hadqEwyGGLGCpU/mCjAXMus9in/3Jxku2SPGEAR02CKJUCJS3FEmu"], ["created_at", "2021-08-20 17:38:16.425335"], ["updated_at", "2021-08-20 17:38:16.425335"]]
  ↳ app/controllers/users_controller.rb:25
  [1m[35m (0.8ms)[0m  [1m[35mCOMMIT[0m
  ↳ app/controllers/users_controller.rb:25
  [1m[35m (0.2ms)[0m  [1m[35mBEGIN[0m
  ↳ app/models/user.rb:48
  [1m[36mUser Exists (0.4ms)[0m  [1m[34mSELECT  1 AS one FROM "users" WHERE "users"."username" = $1 AND "users"."id" != $2 LIMIT $3[0m  [["username", "bob1"], ["id", 2], ["LIMIT", 1]]
  ↳ app/models/user.rb:48
  [1m[36mUser Exists (1.6ms)[0m  [1m[34mSELECT  1 AS one FROM "users" WHERE "users"."session_token" = $1 AND "users"."id" != $2 LIMIT $3[0m  [["session_token", "DfdqQY0q69t16CgDHz7/dQ=="], ["id", 2], ["LIMIT", 1]]
  ↳ app/models/user.rb:48
  [1m[36mUser Update (0.7ms)[0m  [1m[33mUPDATE "users" SET "session_token" = $1, "updated_at" = $2 WHERE "users"."id" = $3[0m  [["session_token", "DfdqQY0q69t16CgDHz7/dQ=="], ["updated_at", "2021-08-20 17:38:16.435317"], ["id", 2]]
  ↳ app/models/user.rb:48
  [1m[35m (0.5ms)[0m  [1m[35mCOMMIT[0m
  ↳ app/models/user.rb:48
Redirected to http://localhost:3000/users/2
Completed 302 Found in 312ms (ActiveRecord: 6.5ms)


Started GET "/users/2" for ::1 at 2021-08-20 10:38:16 -0700
Processing by UsersController#show as HTML
  Parameters: {"id"=>"2"}
  [1m[36mUser Load (0.5ms)[0m  [1m[34mSELECT  "users".* FROM "users" WHERE "users"."id" = $1 LIMIT $2[0m  [["id", 2], ["LIMIT", 1]]
  ↳ app/controllers/users_controller.rb:8
  Rendering users/show.html.erb within layouts/application
  Rendered users/show.html.erb within layouts/application (0.3ms)
  [1m[36mUser Load (0.9ms)[0m  [1m[34mSELECT  "users".* FROM "users" WHERE "users"."session_token" = $1 LIMIT $2[0m  [["session_token", "DfdqQY0q69t16CgDHz7/dQ=="], ["LIMIT", 1]]
  ↳ app/controllers/application_controller.rb:9
  [1m[36mCACHE User Load (0.3ms)[0m  [1m[34mSELECT  "users".* FROM "users" WHERE "users"."session_token" = $1 LIMIT $2[0m  [["session_token", "DfdqQY0q69t16CgDHz7/dQ=="], ["LIMIT", 1]]
  ↳ app/controllers/application_controller.rb:9
Completed 200 OK in 45ms (Views: 41.9ms | ActiveRecord: 1.7ms)


Started DELETE "/session" for ::1 at 2021-08-20 10:38:20 -0700
Processing by SessionsController#destroy as HTML
  [1m[36mUser Load (1.7ms)[0m  [1m[34mSELECT  "users".* FROM "users" WHERE "users"."session_token" = $1 LIMIT $2[0m  [["session_token", "DfdqQY0q69t16CgDHz7/dQ=="], ["LIMIT", 1]]
  ↳ app/controllers/application_controller.rb:9
  [1m[35m (0.8ms)[0m  [1m[35mBEGIN[0m
  ↳ app/models/user.rb:48
  [1m[36mUser Exists (0.6ms)[0m  [1m[34mSELECT  1 AS one FROM "users" WHERE "users"."username" = $1 AND "users"."id" != $2 LIMIT $3[0m  [["username", "bob1"], ["id", 2], ["LIMIT", 1]]
  ↳ app/models/user.rb:48
  [1m[36mUser Exists (1.9ms)[0m  [1m[34mSELECT  1 AS one FROM "users" WHERE "users"."session_token" = $1 AND "users"."id" != $2 LIMIT $3[0m  [["session_token", "Sm4uv5xhqo9siIWL/+Cq8Q=="], ["id", 2], ["LIMIT", 1]]
  ↳ app/models/user.rb:48
  [1m[36mUser Update (2.0ms)[0m  [1m[33mUPDATE "users" SET "session_token" = $1, "updated_at" = $2 WHERE "users"."id" = $3[0m  [["session_token", "Sm4uv5xhqo9siIWL/+Cq8Q=="], ["updated_at", "2021-08-20 17:38:20.691502"], ["id", 2]]
  ↳ app/models/user.rb:48
  [1m[35m (3.9ms)[0m  [1m[35mCOMMIT[0m
  ↳ app/models/user.rb:48
Redirected to http://localhost:3000/session/new
Completed 302 Found in 19ms (ActiveRecord: 10.8ms)


Started GET "/session/new" for ::1 at 2021-08-20 10:38:20 -0700
Processing by SessionsController#new as HTML
  Rendering sessions/new.html.erb within layouts/application
  Rendered sessions/new.html.erb within layouts/application (0.8ms)
  [1m[36mUser Load (0.3ms)[0m  [1m[34mSELECT  "users".* FROM "users" WHERE "users"."session_token" IS NULL LIMIT $1[0m  [["LIMIT", 1]]
  ↳ app/controllers/application_controller.rb:9
Completed 200 OK in 59ms (Views: 57.9ms | ActiveRecord: 0.3ms)


Started POST "/session" for ::1 at 2021-08-20 10:43:05 -0700
Processing by SessionsController#create as HTML
  Parameters: {"authenticity_token"=>"7Lu1u+A63eXZvLu7qKOYD78G1cGLa+HANt76qMOiezQrZ1Sg/6bQwLTnuyU9K9imLsuR58VMLwm5ZjhvGNLJ0w==", "user"=>{"username"=>"joe", "password"=>"[FILTERED]"}}
Completed 500 Internal Server Error in 580892ms (ActiveRecord: 0.0ms)



SystemExit - exit:
  (byebug):1:in `create'
  app/controllers/sessions_controller.rb:9:in `create'

Started POST "/__better_errors/de2976bd109d38c2/variables" for ::1 at 2021-08-20 10:52:46 -0700
Started GET "/users/new" for ::1 at 2021-08-20 10:54:34 -0700
  [1m[35m (1.5ms)[0m  [1m[34mSELECT "schema_migrations"."version" FROM "schema_migrations" ORDER BY "schema_migrations"."version" ASC[0m
  ↳ /Users/mike/.rbenv/versions/2.5.1/lib/ruby/gems/2.5.0/gems/activerecord-5.2.6/lib/active_record/log_subscriber.rb:98
Processing by UsersController#new as HTML
  Rendering users/new.html.erb within layouts/application
  Rendered users/new.html.erb within layouts/application (2.6ms)
  [1m[36mUser Load (1.9ms)[0m  [1m[34mSELECT  "users".* FROM "users" WHERE "users"."session_token" IS NULL LIMIT $1[0m  [["LIMIT", 1]]
  ↳ app/controllers/application_controller.rb:9
Completed 200 OK in 295ms (Views: 267.1ms | ActiveRecord: 11.0ms)


Started POST "/users" for ::1 at 2021-08-20 10:54:54 -0700
Processing by UsersController#create as HTML
  Parameters: {"authenticity_token"=>"5Ia5Q/7FtwGzjxjOWHZakPqcNSlwt1QWK3VCC3j05qkjWlhY4Vm6JN7UGFDN/ho5a1FxDz6Qmt+kzYDMo4RUTg==", "user"=>{"username"=>"zack", "password"=>"[FILTERED]"}}
  [1m[35m (0.3ms)[0m  [1m[35mBEGIN[0m
  ↳ app/controllers/users_controller.rb:25
  [1m[36mUser Exists (0.7ms)[0m  [1m[34mSELECT  1 AS one FROM "users" WHERE "users"."username" = $1 LIMIT $2[0m  [["username", "zack"], ["LIMIT", 1]]
  ↳ app/controllers/users_controller.rb:25
  [1m[36mUser Exists (0.6ms)[0m  [1m[34mSELECT  1 AS one FROM "users" WHERE "users"."session_token" = $1 LIMIT $2[0m  [["session_token", "aTaTC+WXhTe7dVfPZ3S8lA=="], ["LIMIT", 1]]
  ↳ app/controllers/users_controller.rb:25
  [1m[36mUser Create (0.9ms)[0m  [1m[32mINSERT INTO "users" ("username", "session_token", "password_digest", "created_at", "updated_at") VALUES ($1, $2, $3, $4, $5) RETURNING "id"[0m  [["username", "zack"], ["session_token", "aTaTC+WXhTe7dVfPZ3S8lA=="], ["password_digest", "$2a$12$uYLj1w7Ude6XxkFh2p5uiOTYqTRZrkxPonfP5mFCX5kioGkZ15Qum"], ["created_at", "2021-08-20 17:54:55.173928"], ["updated_at", "2021-08-20 17:54:55.173928"]]
  ↳ app/controllers/users_controller.rb:25
  [1m[35m (0.9ms)[0m  [1m[35mCOMMIT[0m
  ↳ app/controllers/users_controller.rb:25
  [1m[35m (0.2ms)[0m  [1m[35mBEGIN[0m
  ↳ app/models/user.rb:48
  [1m[36mUser Exists (1.1ms)[0m  [1m[34mSELECT  1 AS one FROM "users" WHERE "users"."username" = $1 AND "users"."id" != $2 LIMIT $3[0m  [["username", "zack"], ["id", 3], ["LIMIT", 1]]
  ↳ app/models/user.rb:48
  [1m[36mUser Exists (0.6ms)[0m  [1m[34mSELECT  1 AS one FROM "users" WHERE "users"."session_token" = $1 AND "users"."id" != $2 LIMIT $3[0m  [["session_token", "nkDAxhO8wtEX8FYzmVvLig=="], ["id", 3], ["LIMIT", 1]]
  ↳ app/models/user.rb:48
  [1m[36mUser Update (1.0ms)[0m  [1m[33mUPDATE "users" SET "session_token" = $1, "updated_at" = $2 WHERE "users"."id" = $3[0m  [["session_token", "nkDAxhO8wtEX8FYzmVvLig=="], ["updated_at", "2021-08-20 17:54:55.183904"], ["id", 3]]
  ↳ app/models/user.rb:48
  [1m[35m (0.9ms)[0m  [1m[35mCOMMIT[0m
  ↳ app/models/user.rb:48
Redirected to http://localhost:3000/users/3
Completed 302 Found in 297ms (ActiveRecord: 7.2ms)


Started GET "/users/3" for ::1 at 2021-08-20 10:54:55 -0700
Processing by UsersController#show as HTML
  Parameters: {"id"=>"3"}
  [1m[36mUser Load (0.9ms)[0m  [1m[34mSELECT  "users".* FROM "users" WHERE "users"."id" = $1 LIMIT $2[0m  [["id", 3], ["LIMIT", 1]]
  ↳ app/controllers/users_controller.rb:8
  Rendering users/show.html.erb within layouts/application
  Rendered users/show.html.erb within layouts/application (0.5ms)
  [1m[36mUser Load (0.3ms)[0m  [1m[34mSELECT  "users".* FROM "users" WHERE "users"."session_token" = $1 LIMIT $2[0m  [["session_token", "nkDAxhO8wtEX8FYzmVvLig=="], ["LIMIT", 1]]
  ↳ app/controllers/application_controller.rb:9
  [1m[36mCACHE User Load (0.0ms)[0m  [1m[34mSELECT  "users".* FROM "users" WHERE "users"."session_token" = $1 LIMIT $2[0m  [["session_token", "nkDAxhO8wtEX8FYzmVvLig=="], ["LIMIT", 1]]
  ↳ app/controllers/application_controller.rb:9
Completed 200 OK in 54ms (Views: 48.0ms | ActiveRecord: 1.2ms)


Started DELETE "/session" for ::1 at 2021-08-20 10:54:58 -0700
Processing by SessionsController#destroy as HTML
  [1m[36mUser Load (0.9ms)[0m  [1m[34mSELECT  "users".* FROM "users" WHERE "users"."session_token" = $1 LIMIT $2[0m  [["session_token", "nkDAxhO8wtEX8FYzmVvLig=="], ["LIMIT", 1]]
  ↳ app/controllers/application_controller.rb:9
  [1m[35m (0.6ms)[0m  [1m[35mBEGIN[0m
  ↳ app/models/user.rb:48
  [1m[36mUser Exists (0.9ms)[0m  [1m[34mSELECT  1 AS one FROM "users" WHERE "users"."username" = $1 AND "users"."id" != $2 LIMIT $3[0m  [["username", "zack"], ["id", 3], ["LIMIT", 1]]
  ↳ app/models/user.rb:48
  [1m[36mUser Exists (0.9ms)[0m  [1m[34mSELECT  1 AS one FROM "users" WHERE "users"."session_token" = $1 AND "users"."id" != $2 LIMIT $3[0m  [["session_token", "4bgxK62DbfA/zcIBJjr2Iw=="], ["id", 3], ["LIMIT", 1]]
  ↳ app/models/user.rb:48
  [1m[36mUser Update (1.3ms)[0m  [1m[33mUPDATE "users" SET "session_token" = $1, "updated_at" = $2 WHERE "users"."id" = $3[0m  [["session_token", "4bgxK62DbfA/zcIBJjr2Iw=="], ["updated_at", "2021-08-20 17:54:58.894364"], ["id", 3]]
  ↳ app/models/user.rb:48
  [1m[35m (0.4ms)[0m  [1m[35mCOMMIT[0m
  ↳ app/models/user.rb:48
Redirected to http://localhost:3000/session/new
Completed 302 Found in 18ms (ActiveRecord: 5.0ms)


Started GET "/session/new" for ::1 at 2021-08-20 10:54:58 -0700
Processing by SessionsController#new as HTML
  Rendering sessions/new.html.erb within layouts/application
  Rendered sessions/new.html.erb within layouts/application (1.1ms)
  [1m[36mUser Load (0.4ms)[0m  [1m[34mSELECT  "users".* FROM "users" WHERE "users"."session_token" IS NULL LIMIT $1[0m  [["LIMIT", 1]]
  ↳ app/controllers/application_controller.rb:9
Completed 200 OK in 50ms (Views: 48.4ms | ActiveRecord: 0.4ms)


